<?xml version="1.0" encoding="UTF-8"?>
<!-- Generated by org.testng.reporters.JUnitXMLReporter -->
<testsuite ignored="2" hostname="ASUS-PC" failures="0" tests="1" name="Default test" time="0.201" errors="0" timestamp="26 Jan 2021 21:18:55 GMT">
  <testcase classname="com.testcases.LocationDayAPITest" name="verifyLocationDayAPIResponseFieldsAreNotNull" time="0.0">
    <skipped/>
  </testcase> <!-- verifyLocationDayAPIResponseFieldsAreNotNull -->
  <testcase classname="com.testcases.LocationDayAPITest" name="verifyLocationDayAPIResponse" time="0.0">
    <ignored/>
  </testcase> <!-- verifyLocationDayAPIResponse -->
  <testcase classname="com.testcases.LocationDayAPITest" name="validateWeatherByLocationAndDate" time="0.0">
    <ignored/>
  </testcase> <!-- validateWeatherByLocationAndDate -->
</testsuite> <!-- Default test -->
