<?xml version="1.0" encoding="UTF-8"?>
<!-- Generated by org.testng.reporters.JUnitXMLReporter -->
<testsuite ignored="0" hostname="ASUS-PC" failures="3" tests="8" name="A" time="25.499" errors="0" timestamp="26 Jan 2021 22:40:46 GMT">
  <testcase classname="com.testcases.LocationDayAPITest" name="checkWeatherByLocationAndDate" time="6.127"/>
  <testcase classname="com.testcases.LocationDayAPITest" name="checkWeatherByLocationAndDate" time="2.135"/>
  <testcase classname="com.testcases.LocationDayAPITest" name="checkWeatherByLocationAndDate" time="1.666"/>
  <testcase classname="com.testcases.LocationDayAPITest" name="verifyLocationDayAPIResponse" time="4.606"/>
  <testcase classname="com.testcases.LocationDayAPITest" name="verifyLocationDayAPIResponse" time="1.65"/>
  <testcase classname="com.testcases.LocationDayAPITest" name="verifyLocationDayAPIResponse" time="1.171">
    <failure type="java.lang.AssertionError" message="ContentType mismatch found -  expected [application/json] but found [text/html; charset=utf-8]">
      <![CDATA[java.lang.AssertionError: ContentType mismatch found -  expected [application/json] but found [text/html; charset=utf-8]
at com.testcases.LocationDayAPITest.verifyLocationDayAPIResponse(LocationDayAPITest.java:47)
... Removed 30 stack frames]]>
    </failure>
  </testcase> <!-- verifyLocationDayAPIResponse -->
  <testcase classname="com.testcases.LocationDayAPITest" name="verifyLocationDayAPIResponseFieldsAreNotNull" time="3.182">
    <failure type="java.lang.AssertionError" message="The following asserts failed:
	VISIBILITY field at position 30 of JSON object is empty -  expected object to not be null,
	VISIBILITY field at position 31 of JSON object is empty -  expected object to not be null,
	VISIBILITY field at position 32 of JSON object is empty -  expected object to not be null,
	VISIBILITY field at position 33 of JSON object is empty -  expected object to not be null,
	VISIBILITY field at position 34 of JSON object is empty -  expected object to not be null,
	VISIBILITY field at position 35 of JSON object is empty -  expected object to not be null,
	VISIBILITY field at position 36 of JSON object is empty -  expected object to not be null,
	VISIBILITY field at position 37 of JSON object is empty -  expected object to not be null,
	VISIBILITY field at position 38 of JSON object is empty -  expected object to not be null">
      <![CDATA[java.lang.AssertionError: The following asserts failed:
VISIBILITY field at position 30 of JSON object is empty -  expected object to not be null,
VISIBILITY field at position 31 of JSON object is empty -  expected object to not be null,
VISIBILITY field at position 32 of JSON object is empty -  expected object to not be null,
VISIBILITY field at position 33 of JSON object is empty -  expected object to not be null,
VISIBILITY field at position 34 of JSON object is empty -  expected object to not be null,
VISIBILITY field at position 35 of JSON object is empty -  expected object to not be null,
VISIBILITY field at position 36 of JSON object is empty -  expected object to not be null,
VISIBILITY field at position 37 of JSON object is empty -  expected object to not be null,
VISIBILITY field at position 38 of JSON object is empty -  expected object to not be null
at com.testcases.LocationDayAPITest.verifyLocationDayAPIResponseFieldsAreNotNull(LocationDayAPITest.java:111)
... Removed 26 stack frames]]>
    </failure>
  </testcase> <!-- verifyLocationDayAPIResponseFieldsAreNotNull -->
  <testcase classname="com.testcases.LocationDayAPITest" name="verifyLocationDayAPIResponseFieldsAreNotNull" time="4.534">
    <failure type="java.lang.AssertionError" message="The following asserts failed:
	VISIBILITY field at position 26 of JSON object is empty -  expected object to not be null,
	VISIBILITY field at position 27 of JSON object is empty -  expected object to not be null,
	VISIBILITY field at position 28 of JSON object is empty -  expected object to not be null,
	VISIBILITY field at position 29 of JSON object is empty -  expected object to not be null,
	VISIBILITY field at position 30 of JSON object is empty -  expected object to not be null,
	VISIBILITY field at position 31 of JSON object is empty -  expected object to not be null,
	VISIBILITY field at position 32 of JSON object is empty -  expected object to not be null">
      <![CDATA[java.lang.AssertionError: The following asserts failed:
VISIBILITY field at position 26 of JSON object is empty -  expected object to not be null,
VISIBILITY field at position 27 of JSON object is empty -  expected object to not be null,
VISIBILITY field at position 28 of JSON object is empty -  expected object to not be null,
VISIBILITY field at position 29 of JSON object is empty -  expected object to not be null,
VISIBILITY field at position 30 of JSON object is empty -  expected object to not be null,
VISIBILITY field at position 31 of JSON object is empty -  expected object to not be null,
VISIBILITY field at position 32 of JSON object is empty -  expected object to not be null
at com.testcases.LocationDayAPITest.verifyLocationDayAPIResponseFieldsAreNotNull(LocationDayAPITest.java:111)
... Removed 26 stack frames]]>
    </failure>
  </testcase> <!-- verifyLocationDayAPIResponseFieldsAreNotNull -->
</testsuite> <!-- A -->
